<?xml version="1.0" encoding="UTF-8"?>
<!-- Generated by org.testng.reporters.JUnitReportReporter -->
<testsuite skipped="0" hostname="DESKTOP-70GPRGL" name="TestNG.DataProviderTestng" tests="4" failures="0" timestamp="2022-03-01T14:49:03 CST" time="34.384" errors="0">
  <testcase name="test" time="7.548" classname="TestNG.DataProviderTestng"/>
  <system-out/>
  <testcase name="test" time="7.173" classname="TestNG.DataProviderTestng"/>
  <system-out/>
  <testcase name="test" time="11.998" classname="TestNG.DataProviderTestng"/>
  <system-out/>
  <testcase name="test" time="7.665" classname="TestNG.DataProviderTestng"/>
  <system-out/>
</testsuite> <!-- TestNG.DataProviderTestng -->
