<?xml version="1.0" encoding="UTF-8"?>
<!-- Generated by org.testng.reporters.JUnitReportReporter -->
<testsuite skipped="0" hostname="DESKTOP-70GPRGL" name="TestNG.TestngParallel" tests="1" failures="0" timestamp="2022-03-01T14:49:03 CST" time="1.926" errors="0">
  <testcase name="googleSearch1" time="1.926" classname="TestNG.TestngParallel"/>
  <system-out/>
</testsuite> <!-- TestNG.TestngParallel -->
