<?xml version="1.0" encoding="UTF-8"?>
<!-- Generated by org.testng.reporters.JUnitReportReporter -->
<testsuite skipped="0" hostname="DESKTOP-70GPRGL" name="TestNG.FirstTestNg" tests="2" failures="0" timestamp="2022-02-02T16:27:04 CST" time="11.802" errors="0">
  <testcase name="launchcrome" time="5.197" classname="TestNG.FirstTestNg"/>
  <system-out/>
  <testcase name="launchGecko" time="6.605" classname="TestNG.FirstTestNg"/>
  <system-out/>
</testsuite> <!-- TestNG.FirstTestNg -->
